mode: set
jdgonzalez907/users-api/internal/infrastructure/controllers/middleware.go:19.64,20.71 1 1
jdgonzalez907/users-api/internal/infrastructure/controllers/middleware.go:20.71,23.3 2 1
jdgonzalez907/users-api/internal/infrastructure/controllers/middleware.go:26.60,27.71 1 1
jdgonzalez907/users-api/internal/infrastructure/controllers/middleware.go:27.71,33.24 4 1
jdgonzalez907/users-api/internal/infrastructure/controllers/middleware.go:33.24,35.48 2 1
jdgonzalez907/users-api/internal/infrastructure/controllers/middleware.go:35.48,38.5 2 1
jdgonzalez907/users-api/internal/infrastructure/controllers/request.go:19.73,21.18 2 1
jdgonzalez907/users-api/internal/infrastructure/controllers/request.go:21.18,23.3 1 1
jdgonzalez907/users-api/internal/infrastructure/controllers/request.go:25.2,26.28 2 1
jdgonzalez907/users-api/internal/infrastructure/controllers/request.go:26.28,28.3 1 1
jdgonzalez907/users-api/internal/infrastructure/controllers/request.go:30.2,30.17 1 1
jdgonzalez907/users-api/internal/infrastructure/controllers/request.go:33.74,35.18 2 1
jdgonzalez907/users-api/internal/infrastructure/controllers/request.go:35.18,37.3 1 1
jdgonzalez907/users-api/internal/infrastructure/controllers/request.go:39.2,40.28 2 1
jdgonzalez907/users-api/internal/infrastructure/controllers/request.go:40.28,42.3 1 1
jdgonzalez907/users-api/internal/infrastructure/controllers/request.go:44.2,44.18 1 1
jdgonzalez907/users-api/internal/infrastructure/controllers/request.go:47.52,48.19 1 1
jdgonzalez907/users-api/internal/infrastructure/controllers/request.go:48.19,50.3 1 1
jdgonzalez907/users-api/internal/infrastructure/controllers/request.go:51.2,52.60 2 1
jdgonzalez907/users-api/internal/infrastructure/controllers/request.go:52.60,54.3 1 1
jdgonzalez907/users-api/internal/infrastructure/controllers/request.go:55.2,55.12 1 1
jdgonzalez907/users-api/internal/infrastructure/controllers/response.go:48.53,49.51 1 1
jdgonzalez907/users-api/internal/infrastructure/controllers/response.go:49.51,50.32 1 1
jdgonzalez907/users-api/internal/infrastructure/controllers/response.go:50.32,52.48 2 1
jdgonzalez907/users-api/internal/infrastructure/controllers/response.go:52.48,54.5 1 1
jdgonzalez907/users-api/internal/infrastructure/controllers/response.go:55.4,55.22 1 1
jdgonzalez907/users-api/internal/infrastructure/controllers/response.go:58.2,58.67 1 1
jdgonzalez907/users-api/internal/infrastructure/controllers/response.go:61.67,63.17 2 1
jdgonzalez907/users-api/internal/infrastructure/controllers/response.go:63.17,65.3 1 1
jdgonzalez907/users-api/internal/infrastructure/controllers/response.go:66.2,66.37 1 1
jdgonzalez907/users-api/internal/infrastructure/controllers/response.go:69.74,71.2 1 1
jdgonzalez907/users-api/internal/infrastructure/controllers/response.go:73.80,75.72 2 1
jdgonzalez907/users-api/internal/infrastructure/controllers/response.go:75.72,77.3 1 1
jdgonzalez907/users-api/internal/infrastructure/controllers/response.go:78.2,78.34 1 1
jdgonzalez907/users-api/internal/infrastructure/controllers/router.go:18.46,27.32 7 1
jdgonzalez907/users-api/internal/infrastructure/controllers/router.go:27.32,29.3 1 1
jdgonzalez907/users-api/internal/infrastructure/controllers/router.go:30.2,30.30 1 1
jdgonzalez907/users-api/internal/infrastructure/controllers/router.go:30.30,32.3 1 1
jdgonzalez907/users-api/internal/infrastructure/controllers/router.go:33.2,33.30 1 1
jdgonzalez907/users-api/internal/infrastructure/controllers/router.go:33.30,35.3 1 1
jdgonzalez907/users-api/internal/infrastructure/controllers/router.go:36.2,36.45 1 1
jdgonzalez907/users-api/internal/infrastructure/controllers/router.go:36.45,38.3 1 1
jdgonzalez907/users-api/internal/infrastructure/controllers/router.go:39.2,39.38 1 1
jdgonzalez907/users-api/internal/infrastructure/controllers/router.go:39.38,41.3 1 1
jdgonzalez907/users-api/internal/infrastructure/controllers/router.go:42.2,42.31 1 1
jdgonzalez907/users-api/internal/infrastructure/controllers/router.go:42.31,44.3 1 1
jdgonzalez907/users-api/internal/infrastructure/controllers/router.go:45.2,45.31 1 1
jdgonzalez907/users-api/internal/infrastructure/controllers/router.go:45.31,47.3 1 1
jdgonzalez907/users-api/internal/infrastructure/controllers/router.go:49.2,49.10 1 1
jdgonzalez907/users-api/internal/infrastructure/controllers/user_create.go:14.91,18.2 1 1
jdgonzalez907/users-api/internal/infrastructure/controllers/user_create.go:20.79,22.48 2 1
jdgonzalez907/users-api/internal/infrastructure/controllers/user_create.go:22.48,25.3 2 1
jdgonzalez907/users-api/internal/infrastructure/controllers/user_create.go:27.2,28.16 2 1
jdgonzalez907/users-api/internal/infrastructure/controllers/user_create.go:28.16,31.3 2 1
jdgonzalez907/users-api/internal/infrastructure/controllers/user_create.go:33.2,34.16 2 1
jdgonzalez907/users-api/internal/infrastructure/controllers/user_create.go:34.16,37.3 2 1
jdgonzalez907/users-api/internal/infrastructure/controllers/user_create.go:39.2,40.23 2 1
jdgonzalez907/users-api/internal/infrastructure/controllers/user_create.go:40.23,42.17 2 1
jdgonzalez907/users-api/internal/infrastructure/controllers/user_create.go:42.17,45.4 2 1
jdgonzalez907/users-api/internal/infrastructure/controllers/user_create.go:46.3,46.13 1 1
jdgonzalez907/users-api/internal/infrastructure/controllers/user_create.go:49.2,50.25 2 1
jdgonzalez907/users-api/internal/infrastructure/controllers/user_create.go:50.25,59.17 2 1
jdgonzalez907/users-api/internal/infrastructure/controllers/user_create.go:59.17,62.4 2 1
jdgonzalez907/users-api/internal/infrastructure/controllers/user_create.go:63.3,63.15 1 1
jdgonzalez907/users-api/internal/infrastructure/controllers/user_create.go:66.2,67.27 2 1
jdgonzalez907/users-api/internal/infrastructure/controllers/user_create.go:67.27,69.17 2 1
jdgonzalez907/users-api/internal/infrastructure/controllers/user_create.go:69.17,72.4 2 1
jdgonzalez907/users-api/internal/infrastructure/controllers/user_create.go:73.3,73.18 1 1
jdgonzalez907/users-api/internal/infrastructure/controllers/user_create.go:76.2,77.16 2 1
jdgonzalez907/users-api/internal/infrastructure/controllers/user_create.go:77.16,80.3 2 1
jdgonzalez907/users-api/internal/infrastructure/controllers/user_create.go:82.2,84.61 2 1
jdgonzalez907/users-api/internal/infrastructure/controllers/user_create.go:84.61,87.3 2 1
jdgonzalez907/users-api/internal/infrastructure/controllers/user_create.go:89.2,89.54 1 1
jdgonzalez907/users-api/internal/infrastructure/controllers/user_delete.go:13.91,17.2 1 1
jdgonzalez907/users-api/internal/infrastructure/controllers/user_delete.go:19.79,21.16 2 1
jdgonzalez907/users-api/internal/infrastructure/controllers/user_delete.go:21.16,24.3 2 1
jdgonzalez907/users-api/internal/infrastructure/controllers/user_delete.go:26.2,26.59 1 1
jdgonzalez907/users-api/internal/infrastructure/controllers/user_delete.go:26.59,29.3 2 1
jdgonzalez907/users-api/internal/infrastructure/controllers/user_delete.go:31.2,31.47 1 1
jdgonzalez907/users-api/internal/infrastructure/controllers/user_find_by_id.go:13.97,17.2 1 1
jdgonzalez907/users-api/internal/infrastructure/controllers/user_find_by_id.go:19.81,21.16 2 1
jdgonzalez907/users-api/internal/infrastructure/controllers/user_find_by_id.go:21.16,24.3 2 1
jdgonzalez907/users-api/internal/infrastructure/controllers/user_find_by_id.go:26.2,27.16 2 1
jdgonzalez907/users-api/internal/infrastructure/controllers/user_find_by_id.go:27.16,30.3 2 1
jdgonzalez907/users-api/internal/infrastructure/controllers/user_find_by_id.go:32.2,32.49 1 1
jdgonzalez907/users-api/internal/infrastructure/controllers/user_find_paginated.go:14.115,18.2 1 1
jdgonzalez907/users-api/internal/infrastructure/controllers/user_find_paginated.go:20.87,22.16 2 1
jdgonzalez907/users-api/internal/infrastructure/controllers/user_find_paginated.go:22.16,25.3 2 1
jdgonzalez907/users-api/internal/infrastructure/controllers/user_find_paginated.go:27.2,28.16 2 1
jdgonzalez907/users-api/internal/infrastructure/controllers/user_find_paginated.go:28.16,31.3 2 1
jdgonzalez907/users-api/internal/infrastructure/controllers/user_find_paginated.go:33.2,36.16 3 1
jdgonzalez907/users-api/internal/infrastructure/controllers/user_find_paginated.go:36.16,39.3 2 1
jdgonzalez907/users-api/internal/infrastructure/controllers/user_find_paginated.go:41.2,41.59 1 1
jdgonzalez907/users-api/internal/infrastructure/controllers/user_update_email.go:14.106,18.2 1 1
jdgonzalez907/users-api/internal/infrastructure/controllers/user_update_email.go:24.84,26.16 2 1
jdgonzalez907/users-api/internal/infrastructure/controllers/user_update_email.go:26.16,29.3 2 1
jdgonzalez907/users-api/internal/infrastructure/controllers/user_update_email.go:31.2,32.48 2 1
jdgonzalez907/users-api/internal/infrastructure/controllers/user_update_email.go:32.48,35.3 2 1
jdgonzalez907/users-api/internal/infrastructure/controllers/user_update_email.go:37.2,38.44 2 1
jdgonzalez907/users-api/internal/infrastructure/controllers/user_update_email.go:38.44,40.17 2 1
jdgonzalez907/users-api/internal/infrastructure/controllers/user_update_email.go:40.17,43.4 2 1
jdgonzalez907/users-api/internal/infrastructure/controllers/user_update_email.go:44.3,44.20 1 1
jdgonzalez907/users-api/internal/infrastructure/controllers/user_update_email.go:47.2,48.16 2 1
jdgonzalez907/users-api/internal/infrastructure/controllers/user_update_email.go:48.16,51.3 2 1
jdgonzalez907/users-api/internal/infrastructure/controllers/user_update_email.go:53.2,53.47 1 1
jdgonzalez907/users-api/internal/infrastructure/controllers/user_update_personal_information.go:16.44,20.2 1 1
jdgonzalez907/users-api/internal/infrastructure/controllers/user_update_personal_information.go:22.98,24.16 2 1
jdgonzalez907/users-api/internal/infrastructure/controllers/user_update_personal_information.go:24.16,27.3 2 1
jdgonzalez907/users-api/internal/infrastructure/controllers/user_update_personal_information.go:29.2,30.48 2 1
jdgonzalez907/users-api/internal/infrastructure/controllers/user_update_personal_information.go:30.48,33.3 2 1
jdgonzalez907/users-api/internal/infrastructure/controllers/user_update_personal_information.go:35.2,36.16 2 1
jdgonzalez907/users-api/internal/infrastructure/controllers/user_update_personal_information.go:36.16,39.3 2 1
jdgonzalez907/users-api/internal/infrastructure/controllers/user_update_personal_information.go:41.2,42.25 2 1
jdgonzalez907/users-api/internal/infrastructure/controllers/user_update_personal_information.go:42.25,51.17 2 1
jdgonzalez907/users-api/internal/infrastructure/controllers/user_update_personal_information.go:51.17,54.4 2 1
jdgonzalez907/users-api/internal/infrastructure/controllers/user_update_personal_information.go:55.3,55.15 1 1
jdgonzalez907/users-api/internal/infrastructure/controllers/user_update_personal_information.go:58.2,59.27 2 1
jdgonzalez907/users-api/internal/infrastructure/controllers/user_update_personal_information.go:59.27,61.17 2 1
jdgonzalez907/users-api/internal/infrastructure/controllers/user_update_personal_information.go:61.17,64.4 2 1
jdgonzalez907/users-api/internal/infrastructure/controllers/user_update_personal_information.go:65.3,65.18 1 1
jdgonzalez907/users-api/internal/infrastructure/controllers/user_update_personal_information.go:68.2,75.16 2 1
jdgonzalez907/users-api/internal/infrastructure/controllers/user_update_personal_information.go:75.16,78.3 2 1
jdgonzalez907/users-api/internal/infrastructure/controllers/user_update_personal_information.go:80.2,80.73 1 1
jdgonzalez907/users-api/internal/infrastructure/controllers/user_update_personal_information.go:80.73,83.3 2 1
jdgonzalez907/users-api/internal/infrastructure/controllers/user_update_personal_information.go:85.2,85.47 1 1
jdgonzalez907/users-api/internal/infrastructure/controllers/user_update_phone.go:14.106,18.2 1 1
jdgonzalez907/users-api/internal/infrastructure/controllers/user_update_phone.go:20.84,22.16 2 1
jdgonzalez907/users-api/internal/infrastructure/controllers/user_update_phone.go:22.16,25.3 2 1
jdgonzalez907/users-api/internal/infrastructure/controllers/user_update_phone.go:27.2,28.48 2 1
jdgonzalez907/users-api/internal/infrastructure/controllers/user_update_phone.go:28.48,31.3 2 1
jdgonzalez907/users-api/internal/infrastructure/controllers/user_update_phone.go:33.2,34.16 2 1
jdgonzalez907/users-api/internal/infrastructure/controllers/user_update_phone.go:34.16,37.3 2 1
jdgonzalez907/users-api/internal/infrastructure/controllers/user_update_phone.go:39.2,40.16 2 1
jdgonzalez907/users-api/internal/infrastructure/controllers/user_update_phone.go:40.16,43.3 2 1
jdgonzalez907/users-api/internal/infrastructure/controllers/user_update_phone.go:45.2,45.47 1 1
