mode: set
jdgonzalez907/users-api/internal/domain/address.go:23.104,24.44 1 1
jdgonzalez907/users-api/internal/domain/address.go:24.44,26.3 1 1
jdgonzalez907/users-api/internal/domain/address.go:27.2,27.46 1 1
jdgonzalez907/users-api/internal/domain/address.go:27.46,29.3 1 1
jdgonzalez907/users-api/internal/domain/address.go:30.2,30.18 1 1
jdgonzalez907/users-api/internal/domain/address.go:30.18,32.3 1 1
jdgonzalez907/users-api/internal/domain/address.go:33.2,33.16 1 1
jdgonzalez907/users-api/internal/domain/address.go:33.16,35.3 1 1
jdgonzalez907/users-api/internal/domain/address.go:36.2,36.17 1 1
jdgonzalez907/users-api/internal/domain/address.go:36.17,38.3 1 1
jdgonzalez907/users-api/internal/domain/address.go:39.2,39.19 1 1
jdgonzalez907/users-api/internal/domain/address.go:39.19,41.3 1 1
jdgonzalez907/users-api/internal/domain/address.go:43.2,50.8 1 1
jdgonzalez907/users-api/internal/domain/address.go:62.45,63.110 1 1
jdgonzalez907/users-api/internal/domain/address.go:63.110,65.3 1 1
jdgonzalez907/users-api/internal/domain/address.go:66.2,66.56 1 1
jdgonzalez907/users-api/internal/domain/address.go:66.56,68.3 1 1
jdgonzalez907/users-api/internal/domain/address.go:69.2,69.63 1 1
jdgonzalez907/users-api/internal/domain/address.go:69.63,71.3 1 1
jdgonzalez907/users-api/internal/domain/address.go:72.2,72.58 1 1
jdgonzalez907/users-api/internal/domain/address.go:72.58,74.3 1 1
jdgonzalez907/users-api/internal/domain/address.go:75.2,75.66 1 1
jdgonzalez907/users-api/internal/domain/address.go:75.66,77.3 1 1
jdgonzalez907/users-api/internal/domain/address.go:78.2,78.13 1 1
jdgonzalez907/users-api/internal/domain/address.go:81.37,90.2 1 1
jdgonzalez907/users-api/internal/domain/birthdate.go:23.52,25.16 2 1
jdgonzalez907/users-api/internal/domain/birthdate.go:25.16,27.3 1 1
jdgonzalez907/users-api/internal/domain/birthdate.go:29.2,32.82 3 1
jdgonzalez907/users-api/internal/domain/birthdate.go:32.82,34.3 1 1
jdgonzalez907/users-api/internal/domain/birthdate.go:35.2,35.18 1 1
jdgonzalez907/users-api/internal/domain/birthdate.go:35.18,37.3 1 1
jdgonzalez907/users-api/internal/domain/birthdate.go:39.2,42.8 1 1
jdgonzalez907/users-api/internal/domain/birthdate.go:47.49,49.2 1 1
jdgonzalez907/users-api/internal/domain/birthdate.go:51.41,53.2 1 1
jdgonzalez907/users-api/internal/domain/birthdate.go:55.39,57.2 1 1
jdgonzalez907/users-api/internal/domain/birthdate.go:59.37,61.2 1 1
jdgonzalez907/users-api/internal/domain/email.go:14.44,15.17 1 1
jdgonzalez907/users-api/internal/domain/email.go:15.17,17.3 1 1
jdgonzalez907/users-api/internal/domain/email.go:19.2,20.16 2 1
jdgonzalez907/users-api/internal/domain/email.go:20.16,22.3 1 1
jdgonzalez907/users-api/internal/domain/email.go:24.2,24.33 1 1
jdgonzalez907/users-api/internal/domain/email.go:29.41,31.2 1 1
jdgonzalez907/users-api/internal/domain/email.go:33.33,35.2 1 1
jdgonzalez907/users-api/internal/domain/email.go:37.31,39.2 1 1
jdgonzalez907/users-api/internal/domain/identification.go:25.90,26.18 1 1
jdgonzalez907/users-api/internal/domain/identification.go:26.18,28.3 1 1
jdgonzalez907/users-api/internal/domain/identification.go:29.2,29.16 1 1
jdgonzalez907/users-api/internal/domain/identification.go:30.68,34.9 1 1
jdgonzalez907/users-api/internal/domain/identification.go:35.10,36.56 1 1
jdgonzalez907/users-api/internal/domain/identification.go:45.60,47.2 1 1
jdgonzalez907/users-api/internal/domain/identification.go:49.52,54.2 1 1
jdgonzalez907/users-api/internal/domain/identification.go:56.52,58.2 1 1
jdgonzalez907/users-api/internal/domain/identification.go:60.42,62.2 1 1
jdgonzalez907/users-api/internal/domain/paginated_users.go:8.71,13.2 1 1
jdgonzalez907/users-api/internal/domain/paginated_users.go:15.41,17.2 1 1
jdgonzalez907/users-api/internal/domain/paginated_users.go:19.43,21.2 1 1
jdgonzalez907/users-api/internal/domain/paginated_users.go:28.52,30.31 2 1
jdgonzalez907/users-api/internal/domain/paginated_users.go:30.31,32.3 1 1
jdgonzalez907/users-api/internal/domain/paginated_users.go:33.2,36.3 1 1
jdgonzalez907/users-api/internal/domain/pagination.go:28.68,30.21 2 1
jdgonzalez907/users-api/internal/domain/pagination.go:30.21,31.32 1 1
jdgonzalez907/users-api/internal/domain/pagination.go:31.32,33.4 1 1
jdgonzalez907/users-api/internal/domain/pagination.go:34.3,34.20 1 1
jdgonzalez907/users-api/internal/domain/pagination.go:37.2,37.35 1 1
jdgonzalez907/users-api/internal/domain/pagination.go:37.35,39.3 1 1
jdgonzalez907/users-api/internal/domain/pagination.go:41.2,44.8 1 1
jdgonzalez907/users-api/internal/domain/pagination.go:47.35,49.2 1 1
jdgonzalez907/users-api/internal/domain/pagination.go:51.33,53.2 1 1
jdgonzalez907/users-api/internal/domain/personal_information.go:16.32,17.21 1 1
jdgonzalez907/users-api/internal/domain/personal_information.go:17.21,19.3 1 1
jdgonzalez907/users-api/internal/domain/personal_information.go:20.2,20.20 1 1
jdgonzalez907/users-api/internal/domain/personal_information.go:20.20,22.3 1 1
jdgonzalez907/users-api/internal/domain/personal_information.go:24.2,30.8 1 1
jdgonzalez907/users-api/internal/domain/personal_information.go:41.69,42.68 1 1
jdgonzalez907/users-api/internal/domain/personal_information.go:42.68,44.3 1 1
jdgonzalez907/users-api/internal/domain/personal_information.go:45.2,45.52 1 1
jdgonzalez907/users-api/internal/domain/personal_information.go:45.52,47.3 1 1
jdgonzalez907/users-api/internal/domain/personal_information.go:48.2,48.50 1 1
jdgonzalez907/users-api/internal/domain/personal_information.go:48.50,50.3 1 1
jdgonzalez907/users-api/internal/domain/personal_information.go:51.2,51.59 1 1
jdgonzalez907/users-api/internal/domain/personal_information.go:51.59,53.3 1 1
jdgonzalez907/users-api/internal/domain/personal_information.go:54.2,54.54 1 1
jdgonzalez907/users-api/internal/domain/personal_information.go:54.54,56.3 1 1
jdgonzalez907/users-api/internal/domain/personal_information.go:57.2,57.65 1 1
jdgonzalez907/users-api/internal/domain/personal_information.go:57.65,59.3 1 1
jdgonzalez907/users-api/internal/domain/personal_information.go:60.2,60.13 1 1
jdgonzalez907/users-api/internal/domain/personal_information.go:63.61,65.22 2 1
jdgonzalez907/users-api/internal/domain/personal_information.go:65.22,68.3 2 1
jdgonzalez907/users-api/internal/domain/personal_information.go:70.2,71.24 2 1
jdgonzalez907/users-api/internal/domain/personal_information.go:71.24,74.3 2 1
jdgonzalez907/users-api/internal/domain/personal_information.go:76.2,82.3 1 1
jdgonzalez907/users-api/internal/domain/phone.go:12.58,13.39 1 1
jdgonzalez907/users-api/internal/domain/phone.go:13.39,15.3 1 1
jdgonzalez907/users-api/internal/domain/phone.go:17.2,20.8 1 1
jdgonzalez907/users-api/internal/domain/phone.go:28.41,30.2 1 1
jdgonzalez907/users-api/internal/domain/phone.go:32.33,37.2 1 1
jdgonzalez907/users-api/internal/domain/phone.go:39.37,41.2 1 1
jdgonzalez907/users-api/internal/domain/phone.go:43.32,45.2 1 1
jdgonzalez907/users-api/internal/domain/user.go:59.18,69.2 2 1
jdgonzalez907/users-api/internal/domain/user.go:71.48,72.19 1 1
jdgonzalez907/users-api/internal/domain/user.go:72.19,74.3 1 1
jdgonzalez907/users-api/internal/domain/user.go:76.2,83.8 1 1
jdgonzalez907/users-api/internal/domain/user.go:86.25,88.2 1 1
jdgonzalez907/users-api/internal/domain/user.go:90.33,92.2 1 1
jdgonzalez907/users-api/internal/domain/user.go:95.48,97.2 1 1
jdgonzalez907/users-api/internal/domain/user.go:99.35,101.2 1 1
jdgonzalez907/users-api/internal/domain/user.go:103.34,105.2 1 1
jdgonzalez907/users-api/internal/domain/user.go:107.30,109.2 1 1
jdgonzalez907/users-api/internal/domain/user.go:111.31,113.2 1 1
jdgonzalez907/users-api/internal/domain/user.go:115.35,117.2 1 1
jdgonzalez907/users-api/internal/domain/user.go:119.39,121.2 1 1
jdgonzalez907/users-api/internal/domain/user.go:123.38,125.2 1 1
jdgonzalez907/users-api/internal/domain/user.go:127.38,129.2 1 1
jdgonzalez907/users-api/internal/domain/user.go:131.58,133.2 1 1
jdgonzalez907/users-api/internal/domain/user.go:135.33,136.14 1 1
jdgonzalez907/users-api/internal/domain/user.go:136.14,138.3 1 1
jdgonzalez907/users-api/internal/domain/user.go:140.2,141.20 2 1
jdgonzalez907/users-api/internal/domain/user.go:141.20,144.3 2 1
jdgonzalez907/users-api/internal/domain/user.go:146.2,153.3 1 1
jdgonzalez907/users-api/internal/domain/user.go:156.47,157.16 1 1
jdgonzalez907/users-api/internal/domain/user.go:157.16,159.3 1 1
jdgonzalez907/users-api/internal/domain/user.go:161.2,162.16 2 1
jdgonzalez907/users-api/internal/domain/user.go:162.16,164.3 1 1
jdgonzalez907/users-api/internal/domain/user.go:166.2,167.24 2 1
jdgonzalez907/users-api/internal/domain/user.go:167.24,176.17 2 1
jdgonzalez907/users-api/internal/domain/user.go:176.17,178.4 1 1
jdgonzalez907/users-api/internal/domain/user.go:179.3,179.15 1 1
jdgonzalez907/users-api/internal/domain/user.go:182.2,183.26 2 1
jdgonzalez907/users-api/internal/domain/user.go:183.26,185.17 2 1
jdgonzalez907/users-api/internal/domain/user.go:185.17,187.4 1 1
jdgonzalez907/users-api/internal/domain/user.go:188.3,188.17 1 1
jdgonzalez907/users-api/internal/domain/user.go:191.2,198.16 2 1
jdgonzalez907/users-api/internal/domain/user.go:198.16,200.3 1 1
jdgonzalez907/users-api/internal/domain/user.go:202.2,203.16 2 1
jdgonzalez907/users-api/internal/domain/user.go:203.16,205.3 1 1
jdgonzalez907/users-api/internal/domain/user.go:207.2,208.22 2 1
jdgonzalez907/users-api/internal/domain/user.go:208.22,210.17 2 1
jdgonzalez907/users-api/internal/domain/user.go:210.17,212.4 1 1
jdgonzalez907/users-api/internal/domain/user.go:213.3,213.13 1 1
jdgonzalez907/users-api/internal/domain/user.go:216.2,223.4 1 1
jdgonzalez907/users-api/internal/domain/user.go:226.72,235.2 1 1
jdgonzalez907/users-api/internal/domain/user.go:237.45,246.2 1 1
jdgonzalez907/users-api/internal/domain/user.go:248.46,257.2 1 1
