mode: set
jdgonzalez907/users-api/internal/domain/address.go:23.104,24.44 1 1
jdgonzalez907/users-api/internal/domain/address.go:24.44,26.3 1 1
jdgonzalez907/users-api/internal/domain/address.go:27.2,27.46 1 1
jdgonzalez907/users-api/internal/domain/address.go:27.46,29.3 1 1
jdgonzalez907/users-api/internal/domain/address.go:30.2,30.18 1 1
jdgonzalez907/users-api/internal/domain/address.go:30.18,32.3 1 1
jdgonzalez907/users-api/internal/domain/address.go:33.2,33.16 1 1
jdgonzalez907/users-api/internal/domain/address.go:33.16,35.3 1 1
jdgonzalez907/users-api/internal/domain/address.go:36.2,36.17 1 1
jdgonzalez907/users-api/internal/domain/address.go:36.17,38.3 1 1
jdgonzalez907/users-api/internal/domain/address.go:39.2,39.19 1 1
jdgonzalez907/users-api/internal/domain/address.go:39.19,41.3 1 1
jdgonzalez907/users-api/internal/domain/address.go:43.2,50.8 1 1
jdgonzalez907/users-api/internal/domain/address.go:62.37,71.2 1 1
jdgonzalez907/users-api/internal/domain/birthdate.go:22.52,24.16 2 1
jdgonzalez907/users-api/internal/domain/birthdate.go:24.16,26.3 1 1
jdgonzalez907/users-api/internal/domain/birthdate.go:28.2,31.33 3 1
jdgonzalez907/users-api/internal/domain/birthdate.go:31.33,33.3 1 1
jdgonzalez907/users-api/internal/domain/birthdate.go:34.2,34.18 1 1
jdgonzalez907/users-api/internal/domain/birthdate.go:34.18,36.3 1 1
jdgonzalez907/users-api/internal/domain/birthdate.go:38.2,41.8 1 1
jdgonzalez907/users-api/internal/domain/birthdate.go:46.41,48.2 1 1
jdgonzalez907/users-api/internal/domain/birthdate.go:50.39,52.2 1 1
jdgonzalez907/users-api/internal/domain/birthdate.go:54.37,56.2 1 1
jdgonzalez907/users-api/internal/domain/email.go:14.44,15.17 1 1
jdgonzalez907/users-api/internal/domain/email.go:15.17,17.3 1 1
jdgonzalez907/users-api/internal/domain/email.go:19.2,20.16 2 1
jdgonzalez907/users-api/internal/domain/email.go:20.16,22.3 1 1
jdgonzalez907/users-api/internal/domain/email.go:24.2,24.33 1 1
jdgonzalez907/users-api/internal/domain/email.go:29.33,31.2 1 1
jdgonzalez907/users-api/internal/domain/email.go:33.31,35.2 1 1
jdgonzalez907/users-api/internal/domain/identification.go:22.90,23.16 1 1
jdgonzalez907/users-api/internal/domain/identification.go:24.68,28.9 1 1
jdgonzalez907/users-api/internal/domain/identification.go:29.10,30.56 1 1
jdgonzalez907/users-api/internal/domain/identification.go:39.52,44.2 1 1
jdgonzalez907/users-api/internal/domain/identification.go:46.52,48.2 1 1
jdgonzalez907/users-api/internal/domain/identification.go:50.42,52.2 1 1
jdgonzalez907/users-api/internal/domain/paginated_users.go:8.71,13.2 1 1
jdgonzalez907/users-api/internal/domain/paginated_users.go:15.41,17.2 1 1
jdgonzalez907/users-api/internal/domain/paginated_users.go:19.43,21.2 1 1
jdgonzalez907/users-api/internal/domain/paginated_users.go:28.52,30.31 2 1
jdgonzalez907/users-api/internal/domain/paginated_users.go:30.31,32.3 1 1
jdgonzalez907/users-api/internal/domain/paginated_users.go:33.2,36.3 1 1
jdgonzalez907/users-api/internal/domain/pagination.go:8.58,10.56 2 1
jdgonzalez907/users-api/internal/domain/pagination.go:10.56,12.3 1 1
jdgonzalez907/users-api/internal/domain/pagination.go:13.2,16.3 1 1
jdgonzalez907/users-api/internal/domain/pagination.go:19.35,21.2 1 1
jdgonzalez907/users-api/internal/domain/pagination.go:23.33,25.2 1 1
jdgonzalez907/users-api/internal/domain/personal_information.go:16.32,17.21 1 1
jdgonzalez907/users-api/internal/domain/personal_information.go:17.21,19.3 1 1
jdgonzalez907/users-api/internal/domain/personal_information.go:20.2,20.20 1 1
jdgonzalez907/users-api/internal/domain/personal_information.go:20.20,22.3 1 1
jdgonzalez907/users-api/internal/domain/personal_information.go:24.2,30.8 1 1
jdgonzalez907/users-api/internal/domain/personal_information.go:41.61,43.22 2 1
jdgonzalez907/users-api/internal/domain/personal_information.go:43.22,46.3 2 1
jdgonzalez907/users-api/internal/domain/personal_information.go:48.2,49.24 2 1
jdgonzalez907/users-api/internal/domain/personal_information.go:49.24,52.3 2 1
jdgonzalez907/users-api/internal/domain/personal_information.go:54.2,60.3 1 1
jdgonzalez907/users-api/internal/domain/phone.go:12.58,13.39 1 1
jdgonzalez907/users-api/internal/domain/phone.go:13.39,15.3 1 1
jdgonzalez907/users-api/internal/domain/phone.go:17.2,20.8 1 1
jdgonzalez907/users-api/internal/domain/phone.go:28.33,33.2 1 1
jdgonzalez907/users-api/internal/domain/phone.go:35.37,37.2 1 1
jdgonzalez907/users-api/internal/domain/phone.go:39.32,41.2 1 1
jdgonzalez907/users-api/internal/domain/user.go:57.18,67.2 2 1
jdgonzalez907/users-api/internal/domain/user.go:69.48,70.19 1 1
jdgonzalez907/users-api/internal/domain/user.go:70.19,72.3 1 1
jdgonzalez907/users-api/internal/domain/user.go:74.2,81.8 1 1
jdgonzalez907/users-api/internal/domain/user.go:84.25,86.2 1 1
jdgonzalez907/users-api/internal/domain/user.go:88.33,90.2 1 1
jdgonzalez907/users-api/internal/domain/user.go:93.48,95.2 1 1
jdgonzalez907/users-api/internal/domain/user.go:97.35,99.2 1 1
jdgonzalez907/users-api/internal/domain/user.go:101.34,103.2 1 1
jdgonzalez907/users-api/internal/domain/user.go:105.30,107.2 1 1
jdgonzalez907/users-api/internal/domain/user.go:109.31,111.2 1 1
jdgonzalez907/users-api/internal/domain/user.go:113.35,115.2 1 1
jdgonzalez907/users-api/internal/domain/user.go:117.39,119.2 1 1
jdgonzalez907/users-api/internal/domain/user.go:121.38,123.2 1 1
jdgonzalez907/users-api/internal/domain/user.go:125.38,127.2 1 1
jdgonzalez907/users-api/internal/domain/user.go:129.58,131.2 1 1
jdgonzalez907/users-api/internal/domain/user.go:133.33,134.14 1 1
jdgonzalez907/users-api/internal/domain/user.go:134.14,136.3 1 1
jdgonzalez907/users-api/internal/domain/user.go:138.2,139.20 2 1
jdgonzalez907/users-api/internal/domain/user.go:139.20,142.3 2 1
jdgonzalez907/users-api/internal/domain/user.go:144.2,151.3 1 1
jdgonzalez907/users-api/internal/domain/user.go:154.47,155.16 1 1
jdgonzalez907/users-api/internal/domain/user.go:155.16,157.3 1 1
jdgonzalez907/users-api/internal/domain/user.go:159.2,160.16 2 1
jdgonzalez907/users-api/internal/domain/user.go:160.16,162.3 1 1
jdgonzalez907/users-api/internal/domain/user.go:164.2,165.24 2 1
jdgonzalez907/users-api/internal/domain/user.go:165.24,174.17 2 1
jdgonzalez907/users-api/internal/domain/user.go:174.17,176.4 1 1
jdgonzalez907/users-api/internal/domain/user.go:177.3,177.15 1 1
jdgonzalez907/users-api/internal/domain/user.go:180.2,181.26 2 1
jdgonzalez907/users-api/internal/domain/user.go:181.26,183.17 2 1
jdgonzalez907/users-api/internal/domain/user.go:183.17,185.4 1 1
jdgonzalez907/users-api/internal/domain/user.go:186.3,186.17 1 1
jdgonzalez907/users-api/internal/domain/user.go:189.2,196.16 2 1
jdgonzalez907/users-api/internal/domain/user.go:196.16,198.3 1 1
jdgonzalez907/users-api/internal/domain/user.go:200.2,201.16 2 1
jdgonzalez907/users-api/internal/domain/user.go:201.16,203.3 1 1
jdgonzalez907/users-api/internal/domain/user.go:205.2,206.22 2 1
jdgonzalez907/users-api/internal/domain/user.go:206.22,208.17 2 1
jdgonzalez907/users-api/internal/domain/user.go:208.17,210.4 1 1
jdgonzalez907/users-api/internal/domain/user.go:211.3,211.13 1 1
jdgonzalez907/users-api/internal/domain/user.go:214.2,221.4 1 1
jdgonzalez907/users-api/internal/domain/user.go:224.72,233.2 1 1
jdgonzalez907/users-api/internal/domain/user.go:235.45,244.2 1 1
jdgonzalez907/users-api/internal/domain/user.go:246.46,255.2 1 1
